GET /home 200 12175 - 585.547 ms
GET /stylesheets/Registration_form.css 404 1186 - 5.422 ms
GET /stylesheets/Contact_Section.css 404 1186 - 58.100 ms
GET /stylesheets/login1.css 200 17246 - 77.438 ms
GET /stylesheets/livesearch2.css 200 6590 - 93.654 ms
GET /stylesheets/stylesheet1280px.css 200 4076 - 125.102 ms
GET /javascripts/jic_common.js 200 29485 - 74.449 ms
GET /images/menu_icon.png 200 226 - 1.627 ms
GET /images/signin1.png 200 3225 - 29.482 ms
GET /images/LoginWithFacebook.png 200 1149 - 30.359 ms
GET /images/icons8-Share-50.png 200 892 - 11.427 ms
GET /images/twitter.png 200 2266 - 8.037 ms
GET /images/google_plus.png 200 5072 - 13.854 ms
GET /images/facebook.png 200 2098 - 17.004 ms
GET /images/businessmen-42691_1280.png 200 82002 - 43.947 ms
GET /images/entrepreneur-696959_1920.jpg 200 234385 - 11.696 ms
GET /stylesheets/Contact_Section.css 404 1186 - 1.540 ms
GET /stylesheets/Registration_form.css 404 1186 - 1.740 ms
GET /stylesheets/stylesheet800px.css 200 4263 - 30.837 ms
GET /images/thumb-2480775_1920.jpg 200 142232 - 13.150 ms
GET /stylesheets/null 404 1186 - 1.736 ms
GET /images/RecaptchaIcon2.png 200 2770 - 80.216 ms
GET /images/board-2434016_1920.jpg 200 627130 - 25.182 ms
GET /favicon.ico 404 1186 - 1.779 ms
GET /home 304 - - 576.178 ms
GET /stylesheets/livesearch2.css 304 - - 27.139 ms
GET /stylesheets/login1.css 304 - - 56.676 ms
GET /stylesheets/Registration_form.css 404 1186 - 60.503 ms
GET /stylesheets/Contact_Section.css 404 1186 - 152.929 ms
GET /stylesheets/stylesheet1280px.css 304 - - 147.429 ms
GET /javascripts/jic_common.js 304 - - 149.561 ms
GET /images/menu_icon.png 304 - - 6.338 ms
GET /images/signin1.png 304 - - 4.593 ms
GET /images/LoginWithFacebook.png 304 - - 4.601 ms
GET /images/icons8-Share-50.png 304 - - 4.921 ms
GET /images/twitter.png 304 - - 5.152 ms
GET /images/google_plus.png 304 - - 4.720 ms
GET /images/facebook.png 304 - - 53.636 ms
GET /images/businessmen-42691_1280.png 304 - - 4.631 ms
GET /images/entrepreneur-696959_1920.jpg 304 - - 4.757 ms
GET /images/thumb-2480775_1920.jpg 304 - - 4.324 ms
GET /images/board-2434016_1920.jpg 304 - - 4.173 ms
GET /stylesheets/Registration_form.css 404 1186 - 172.155 ms
GET /stylesheets/Contact_Section.css 404 1186 - 219.769 ms
GET /stylesheets/stylesheet800px.css 304 - - 24.520 ms
GET /stylesheets/Contact_Section.css 404 1186 - 17.413 ms
GET /stylesheets/Registration_form.css 404 1186 - 29.695 ms
GET /images/RecaptchaIcon2.png 304 - - 82.911 ms
GET /stylesheets/null 404 1186 - 88.539 ms
GET /Registration_form 200 2157 - 2.227 ms
GET /stylesheets/Registration_form.css 404 1186 - 2.842 ms
GET /Registration_form 304 - - 6.756 ms
GET /stylesheets/Registration_form.css 200 20302 - 4.457 ms
GET /stylesheets/null 404 1186 - 3.744 ms
GET /home 304 - - 3.909 ms
GET /stylesheets/livesearch2.css 304 - - 1.178 ms
GET /stylesheets/login1.css 304 - - 1.494 ms
GET /stylesheets/Registration_form.css 304 - - 1.276 ms
GET /stylesheets/stylesheet1280px.css 304 - - 0.905 ms
GET /stylesheets/Contact_Section.css 200 21713 - 2.465 ms
GET /javascripts/jic_common.js 304 - - 0.427 ms
GET /images/menu_icon.png 304 - - 1.237 ms
GET /images/signin1.png 304 - - 2.864 ms
GET /images/LoginWithFacebook.png 304 - - 8.057 ms
GET /images/icons8-Share-50.png 304 - - 8.122 ms
GET /images/twitter.png 304 - - 5.118 ms
GET /images/google_plus.png 304 - - 5.993 ms
GET /images/facebook.png 304 - - 1.738 ms
GET /images/businessmen-42691_1280.png 304 - - 1.107 ms
GET /images/entrepreneur-696959_1920.jpg 304 - - 2.534 ms
GET /images/thumb-2480775_1920.jpg 304 - - 2.304 ms
GET /images/board-2434016_1920.jpg 304 - - 2.384 ms
GET /stylesheets/null 404 1186 - 3.525 ms
GET /stylesheets/stylesheet800px.css 304 - - 4.162 ms
GET /images/RecaptchaIcon2.png 304 - - 17.417 ms
